<?xml version="1.0" encoding="UTF-8"?>
<coverage generated="1784620242958" clover="3.2.0">
  <project timestamp="1784620242958" name="All files">
    <metrics statements="24" coveredstatements="23" conditionals="14" coveredconditionals="10" methods="9" coveredmethods="8" elements="47" coveredelements="41" complexity="0" loc="24" ncloc="24" packages="1" files="2" classes="2"/>
    <file name="Blog.jsx" path="C:\Users\Student\Desktop\Exercise\part 5\bloglist-frontend\src\components\Blog.jsx">
      <metrics statements="10" coveredstatements="9" conditionals="14" coveredconditionals="10" methods="4" coveredmethods="3"/>
      <line num="3" count="1" type="stmt"/>
      <line num="4" count="5" type="stmt"/>
      <line num="5" count="5" type="cond" truecount="2" falsecount="0"/>
      <line num="6" count="5" type="cond" truecount="2" falsecount="0"/>
      <line num="9" count="5" type="stmt"/>
      <line num="12" count="5" type="cond" truecount="1" falsecount="1"/>
      <line num="16" count="5" type="cond" truecount="1" falsecount="1"/>
      <line num="19" count="5" type="stmt"/>
      <line num="53" count="2" type="stmt"/>
      <line num="59" count="0" type="stmt"/>
    </file>
    <file name="BlogForm.jsx" path="C:\Users\Student\Desktop\Exercise\part 5\bloglist-frontend\src\components\BlogForm.jsx">
      <metrics statements="14" coveredstatements="14" conditionals="0" coveredconditionals="0" methods="5" coveredmethods="5"/>
      <line num="3" count="1" type="stmt"/>
      <line num="4" count="44" type="stmt"/>
      <line num="5" count="44" type="stmt"/>
      <line num="6" count="44" type="stmt"/>
      <line num="8" count="44" type="stmt"/>
      <line num="9" count="1" type="stmt"/>
      <line num="11" count="1" type="stmt"/>
      <line num="17" count="1" type="stmt"/>
      <line num="18" count="1" type="stmt"/>
      <line num="19" count="1" type="stmt"/>
      <line num="23" count="44" type="stmt"/>
      <line num="27" count="13" type="stmt"/>
      <line num="32" count="12" type="stmt"/>
      <line num="37" count="17" type="stmt"/>
    </file>
  </project>
</coverage>
