{"C:\\Users\\Student\\Desktop\\Exercise\\part 5\\bloglist-frontend\\src\\components\\Blog.jsx": {"path":"C:\\Users\\Student\\Desktop\\Exercise\\part 5\\bloglist-frontend\\src\\components\\Blog.jsx","statementMap":{"0":{"start":{"line":3,"column":13},"end":{"line":70,"column":null}},"1":{"start":{"line":4,"column":28},"end":{"line":4,"column":null}},"2":{"start":{"line":5,"column":26},"end":{"line":5,"column":null}},"3":{"start":{"line":6,"column":26},"end":{"line":6,"column":null}},"4":{"start":{"line":9,"column":27},"end":{"line":9,"column":null}},"5":{"start":{"line":9,"column":35},"end":{"line":9,"column":56}},"6":{"start":{"line":12,"column":4},"end":{"line":14,"column":null}},"7":{"start":{"line":16,"column":4},"end":{"line":17,"column":null}},"8":{"start":{"line":19,"column":2},"end":{"line":68,"column":null}},"9":{"start":{"line":53,"column":59},"end":{"line":53,"column":77}},"10":{"start":{"line":59,"column":58},"end":{"line":59,"column":78}}},"fnMap":{"0":{"name":"(anonymous_0)","decl":{"start":{"line":3,"column":13},"end":{"line":3,"column":14}},"loc":{"start":{"line":3,"column":66},"end":{"line":70,"column":null}},"line":3},"1":{"name":"(anonymous_1)","decl":{"start":{"line":9,"column":27},"end":{"line":9,"column":33}},"loc":{"start":{"line":9,"column":33},"end":{"line":9,"column":null}},"line":9},"2":{"name":"(anonymous_2)","decl":{"start":{"line":53,"column":53},"end":{"line":53,"column":59}},"loc":{"start":{"line":53,"column":59},"end":{"line":53,"column":77}},"line":53},"3":{"name":"(anonymous_3)","decl":{"start":{"line":59,"column":52},"end":{"line":59,"column":58}},"loc":{"start":{"line":59,"column":58},"end":{"line":59,"column":78}},"line":59}},"branchMap":{"0":{"loc":{"start":{"line":5,"column":37},"end":{"line":5,"column":58}},"type":"cond-expr","locations":[{"start":{"line":5,"column":47},"end":{"line":5,"column":56}},{"start":{"line":5,"column":56},"end":{"line":5,"column":58}}],"line":5},"1":{"loc":{"start":{"line":6,"column":37},"end":{"line":6,"column":58}},"type":"cond-expr","locations":[{"start":{"line":6,"column":47},"end":{"line":6,"column":52}},{"start":{"line":6,"column":52},"end":{"line":6,"column":58}}],"line":6},"2":{"loc":{"start":{"line":12,"column":4},"end":{"line":14,"column":null}},"type":"cond-expr","locations":[{"start":{"line":13,"column":8},"end":{"line":13,"column":null}},{"start":{"line":14,"column":8},"end":{"line":14,"column":null}}],"line":12},"3":{"loc":{"start":{"line":16,"column":4},"end":{"line":17,"column":null}},"type":"binary-expr","locations":[{"start":{"line":16,"column":4},"end":{"line":16,"column":null}},{"start":{"line":17,"column":4},"end":{"line":17,"column":null}}],"line":16},"4":{"loc":{"start":{"line":42,"column":7},"end":{"line":48,"column":null}},"type":"binary-expr","locations":[{"start":{"line":42,"column":7},"end":{"line":42,"column":null}},{"start":{"line":43,"column":8},"end":{"line":48,"column":null}}],"line":42},"5":{"loc":{"start":{"line":58,"column":7},"end":{"line":61,"column":null}},"type":"binary-expr","locations":[{"start":{"line":58,"column":7},"end":{"line":58,"column":null}},{"start":{"line":59,"column":8},"end":{"line":61,"column":null}}],"line":58},"6":{"loc":{"start":{"line":65,"column":36},"end":{"line":65,"column":null}},"type":"binary-expr","locations":[{"start":{"line":65,"column":36},"end":{"line":65,"column":55}},{"start":{"line":65,"column":55},"end":{"line":65,"column":null}}],"line":65}},"s":{"0":1,"1":5,"2":5,"3":5,"4":5,"5":2,"6":5,"7":5,"8":5,"9":2,"10":0},"f":{"0":5,"1":2,"2":2,"3":0},"b":{"0":[2,3],"1":[2,3],"2":[5,0],"3":[5,0],"4":[5,5],"5":[5,0],"6":[5,0]},"meta":{"lastBranch":7,"lastFunction":4,"lastStatement":11,"seen":{"s:3:13:70:Infinity":0,"f:3:13:3:14":0,"s:4:28:4:Infinity":1,"s:5:26:5:Infinity":2,"b:5:47:5:56:5:56:5:58":0,"s:6:26:6:Infinity":3,"b:6:47:6:52:6:52:6:58":1,"s:9:27:9:Infinity":4,"f:9:27:9:33":1,"s:9:35:9:56":5,"s:12:4:14:Infinity":6,"b:13:8:13:Infinity:14:8:14:Infinity":2,"s:16:4:17:Infinity":7,"b:16:4:16:Infinity:17:4:17:Infinity":3,"s:19:2:68:Infinity":8,"b:42:7:42:Infinity:43:8:48:Infinity":4,"f:53:53:53:59":2,"s:53:59:53:77":9,"b:58:7:58:Infinity:59:8:61:Infinity":5,"f:59:52:59:58":3,"s:59:58:59:78":10,"b:65:36:65:55:65:55:65:Infinity":6},"fnNames":{}}}
,"C:\\Users\\Student\\Desktop\\Exercise\\part 5\\bloglist-frontend\\src\\components\\BlogForm.jsx": {"path":"C:\\Users\\Student\\Desktop\\Exercise\\part 5\\bloglist-frontend\\src\\components\\BlogForm.jsx","statementMap":{"0":{"start":{"line":3,"column":17},"end":{"line":43,"column":null}},"1":{"start":{"line":4,"column":24},"end":{"line":4,"column":null}},"2":{"start":{"line":5,"column":26},"end":{"line":5,"column":null}},"3":{"start":{"line":6,"column":20},"end":{"line":6,"column":null}},"4":{"start":{"line":8,"column":23},"end":{"line":20,"column":null}},"5":{"start":{"line":9,"column":4},"end":{"line":9,"column":null}},"6":{"start":{"line":11,"column":4},"end":{"line":15,"column":null}},"7":{"start":{"line":17,"column":4},"end":{"line":17,"column":null}},"8":{"start":{"line":18,"column":4},"end":{"line":18,"column":null}},"9":{"start":{"line":19,"column":4},"end":{"line":19,"column":null}},"10":{"start":{"line":23,"column":2},"end":{"line":41,"column":null}},"11":{"start":{"line":27,"column":84},"end":{"line":27,"column":108}},"12":{"start":{"line":32,"column":86},"end":{"line":32,"column":111}},"13":{"start":{"line":37,"column":80},"end":{"line":37,"column":102}}},"fnMap":{"0":{"name":"(anonymous_0)","decl":{"start":{"line":3,"column":17},"end":{"line":3,"column":18}},"loc":{"start":{"line":3,"column":37},"end":{"line":43,"column":null}},"line":3},"1":{"name":"(anonymous_1)","decl":{"start":{"line":8,"column":23},"end":{"line":8,"column":24}},"loc":{"start":{"line":8,"column":34},"end":{"line":20,"column":null}},"line":8},"2":{"name":"(anonymous_2)","decl":{"start":{"line":27,"column":68},"end":{"line":27,"column":69}},"loc":{"start":{"line":27,"column":84},"end":{"line":27,"column":108}},"line":27},"3":{"name":"(anonymous_3)","decl":{"start":{"line":32,"column":70},"end":{"line":32,"column":71}},"loc":{"start":{"line":32,"column":86},"end":{"line":32,"column":111}},"line":32},"4":{"name":"(anonymous_4)","decl":{"start":{"line":37,"column":64},"end":{"line":37,"column":65}},"loc":{"start":{"line":37,"column":80},"end":{"line":37,"column":102}},"line":37}},"branchMap":{},"s":{"0":1,"1":44,"2":44,"3":44,"4":44,"5":1,"6":1,"7":1,"8":1,"9":1,"10":44,"11":13,"12":12,"13":17},"f":{"0":44,"1":1,"2":13,"3":12,"4":17},"b":{},"meta":{"lastBranch":0,"lastFunction":5,"lastStatement":14,"seen":{"s:3:17:43:Infinity":0,"f:3:17:3:18":0,"s:4:24:4:Infinity":1,"s:5:26:5:Infinity":2,"s:6:20:6:Infinity":3,"s:8:23:20:Infinity":4,"f:8:23:8:24":1,"s:9:4:9:Infinity":5,"s:11:4:15:Infinity":6,"s:17:4:17:Infinity":7,"s:18:4:18:Infinity":8,"s:19:4:19:Infinity":9,"s:23:2:41:Infinity":10,"f:27:68:27:69":2,"s:27:84:27:108":11,"f:32:70:32:71":3,"s:32:86:32:111":12,"f:37:64:37:65":4,"s:37:80:37:102":13},"fnNames":{}}}
}
